[0930/144424:ERROR:file_io.cc(30)] read: expected 36, observed 0
[1003/144708:ERROR:process_reader_win.cc(173)] ResumeThread: Параметр задан неверно. (0x57)
[1003/144708:ERROR:process_reader_win.cc(142)] SuspendThread: Отказано в доступе. (0x5)
[1003/144708:ERROR:process_reader_win.cc(142)] SuspendThread: Отказано в доступе. (0x5)
[1003/144708:ERROR:process_reader_win.cc(142)] SuspendThread: Отказано в доступе. (0x5)
[1003/144708:ERROR:process_info.cc(608)] range at 0xefd83f6e00000000, size 0x229 fully unreadable
[1003/144708:ERROR:process_info.cc(608)] range at 0xefd83fd200000000, size 0x229 fully unreadable
[1003/144708:ERROR:process_info.cc(608)] range at 0x0, size 0x229 fully unreadable
[1003/144708:ERROR:process_reader_win.cc(233)] ReadMemory at 0x7ffc71686000 of 48 bytes failed: Запрос ReadProcessMemory или WriteProcessMemory был выполнен только частично. (0x12B)
[1003/144708:WARNING:pe_image_reader.cc(102)] could not read crashpad info from C:\Program Files (x86)\Google\Chrome\Application\53.0.2785.116\chrome_elf.dll
[1003/144708:ERROR:process_reader_win.cc(233)] ReadMemory at 0x7ffc791d0000 of 64 bytes failed: Запрос ReadProcessMemory или WriteProcessMemory был выполнен только частично. (0x12B)
[1003/144708:WARNING:pe_image_reader.cc(281)] could not read dos header from C:\Windows\SYSTEM32\VERSION.dll
[1003/144708:ERROR:process_reader_win.cc(233)] ReadMemory at 0x7ffc7a8e0000 of 64 bytes failed: Запрос ReadProcessMemory или WriteProcessMemory был выполнен только частично. (0x12B)
[1003/144708:WARNING:pe_image_reader.cc(281)] could not read dos header from C:\Windows\SYSTEM32\WINMMBASE.dll
[1003/144708:ERROR:process_reader_win.cc(233)] ReadMemory at 0x7ffc7a940000 of 64 bytes failed: Запрос ReadProcessMemory или WriteProcessMemory был выполнен только частично. (0x12B)
[1003/144708:WARNING:pe_image_reader.cc(281)] could not read dos header from C:\Windows\SYSTEM32\WINMM.dll
[1003/144708:ERROR:process_reader_win.cc(233)] ReadMemory at 0x7ffc7a320000 of 64 bytes failed: Запрос ReadProcessMemory или WriteProcessMemory был выполнен только частично. (0x12B)
[1003/144708:WARNING:pe_image_reader.cc(281)] could not read dos header from C:\Windows\SYSTEM32\WTSAPI32.dll
[1003/144708:ERROR:process_reader_win.cc(233)] ReadMemory at 0x7ffc74e80000 of 64 bytes failed: Запрос ReadProcessMemory или WriteProcessMemory был выполнен только частично. (0x12B)
[1003/144708:WARNING:pe_image_reader.cc(281)] could not read dos header from C:\Windows\SYSTEM32\WINHTTP.dll
[1003/144708:ERROR:process_reader_win.cc(233)] ReadMemory at 0x7ffc7ca50000 of 64 bytes failed: Запрос ReadProcessMemory или WriteProcessMemory был выполнен только частично. (0x12B)
[1003/144708:WARNING:pe_image_reader.cc(281)] could not read dos header from C:\Windows\System32\msvcp_win.dll
[1003/144708:ERROR:process_reader_win.cc(233)] ReadMemory at 0x7ffc801d0000 of 64 bytes failed: Запрос ReadProcessMemory или WriteProcessMemory был выполнен только частично. (0x12B)
[1003/144708:WARNING:pe_image_reader.cc(281)] could not read dos header from C:\Windows\System32\OLEAUT32.dll
[1003/144708:ERROR:process_reader_win.cc(233)] ReadMemory at 0x7ffc6b2d0000 of 64 bytes failed: Запрос ReadProcessMemory или WriteProcessMemory был выполнен только частично. (0x12B)
[1003/144708:WARNING:pe_image_reader.cc(281)] could not read dos header from C:\Windows\SYSTEM32\ninput.dll
[1003/144708:ERROR:process_reader_win.cc(233)] ReadMemory at 0x7ffc7df20000 of 64 bytes failed: Запрос ReadProcessMemory или WriteProcessMemory был выполнен только частично. (0x12B)
[1003/144708:WARNING:pe_image_reader.cc(281)] could not read dos header from C:\Windows\System32\PSAPI.DLL
[1003/144708:ERROR:process_reader_win.cc(233)] ReadMemory at 0x7ffc7c630000 of 64 bytes failed: Запрос ReadProcessMemory или WriteProcessMemory был выполнен только частично. (0x12B)
[1003/144708:WARNING:pe_image_reader.cc(281)] could not read dos header from C:\Windows\SYSTEM32\bcrypt.dll
[1003/144708:ERROR:process_reader_win.cc(233)] ReadMemory at 0x7ffc78080000 of 64 bytes failed: Запрос ReadProcessMemory или WriteProcessMemory был выполнен только частично. (0x12B)
[1003/144708:WARNING:pe_image_reader.cc(281)] could not read dos header from C:\Windows\SYSTEM32\WINSPOOL.DRV
[1003/144708:ERROR:process_reader_win.cc(233)] ReadMemory at 0x7ffc77c60000 of 64 bytes failed: Запрос ReadProcessMemory или WriteProcessMemory был выполнен только частично. (0x12B)
[1003/144708:WARNING:pe_image_reader.cc(281)] could not read dos header from C:\Windows\WinSxS\amd64_microsoft.windows.common-controls_6595b64144ccf1df_6.0.14393.0_none_2d0f50fcbdb171b8\COMCTL32.dll
[1003/144708:ERROR:process_reader_win.cc(233)] ReadMemory at 0x7ffc7df30000 of 64 bytes failed: Запрос ReadProcessMemory или WriteProcessMemory был выполнен только частично. (0x12B)
[1003/144708:WARNING:pe_image_reader.cc(281)] could not read dos header from C:\Windows\System32\COMDLG32.dll
[1003/144708:ERROR:process_reader_win.cc(233)] ReadMemory at 0x7ffc7bbf0000 of 64 bytes failed: Запрос ReadProcessMemory или WriteProcessMemory был выполнен только частично. (0x12B)
[1003/144708:WARNING:pe_image_reader.cc(281)] could not read dos header from C:\Windows\SYSTEM32\IPHLPAPI.DLL
[1003/144708:ERROR:process_reader_win.cc(233)] ReadMemory at 0x7ffc7d880000 of 64 bytes failed: Запрос ReadProcessMemory или WriteProcessMemory был выполнен только частично. (0x12B)
[1003/144708:WARNING:pe_image_reader.cc(281)] could not read dos header from C:\Windows\System32\WS2_32.dll
[1003/144708:ERROR:process_reader_win.cc(233)] ReadMemory at 0x7ffc72100000 of 64 bytes failed: Запрос ReadProcessMemory или WriteProcessMemory был выполнен только частично. (0x12B)
[1003/144708:WARNING:pe_image_reader.cc(281)] could not read dos header from C:\Windows\SYSTEM32\USP10.dll
[1003/144708:ERROR:process_reader_win.cc(233)] ReadMemory at 0x7ffc7c770000 of 64 bytes failed: Запрос ReadProcessMemory или WriteProcessMemory был выполнен только частично. (0x12B)
[1003/144708:WARNING:pe_image_reader.cc(281)] could not read dos header from C:\Windows\System32\MSASN1.dll
[1003/144708:ERROR:process_reader_win.cc(233)] ReadMemory at 0x7ffc7caf0000 of 64 bytes failed: Запрос ReadProcessMemory или WriteProcessMemory был выполнен только частично. (0x12B)
[1003/144708:WARNING:pe_image_reader.cc(281)] could not read dos header from C:\Windows\System32\CRYPT32.dll
[1003/144708:ERROR:process_reader_win.cc(233)] ReadMemory at 0x7ffc7c860000 of 64 bytes failed: Запрос ReadProcessMemory или WriteProcessMemory был выполнен только частично. (0x12B)
[1003/144708:WARNING:pe_image_reader.cc(281)] could not read dos header from C:\Windows\System32\WINTRUST.dll
[1003/144708:ERROR:process_reader_win.cc(233)] ReadMemory at 0x7ffc75240000 of 64 bytes failed: Запрос ReadProcessMemory или WriteProcessMemory был выполнен только частично. (0x12B)
[1003/144708:WARNING:pe_image_reader.cc(281)] could not read dos header from C:\Windows\SYSTEM32\Secur32.dll
[1003/144708:ERROR:process_reader_win.cc(233)] ReadMemory at 0x7ffc48b80000 of 64 bytes failed: Запрос ReadProcessMemory или WriteProcessMemory был выполнен только частично. (0x12B)
[1003/144708:WARNING:pe_image_reader.cc(281)] could not read dos header from C:\Program Files (x86)\Google\Chrome\Application\53.0.2785.116\chrome_child.dll
[1003/144708:ERROR:process_reader_win.cc(233)] ReadMemory at 0x7ffc72ff0000 of 64 bytes failed: Запрос ReadProcessMemory или WriteProcessMemory был выполнен только частично. (0x12B)
[1003/144708:WARNING:pe_image_reader.cc(281)] could not read dos header from C:\Windows\SYSTEM32\dwrite.dll
[1003/144708:ERROR:process_reader_win.cc(233)] ReadMemory at 0x7ff704ff0000 of 64 bytes failed: Запрос ReadProcessMemory или WriteProcessMemory был выполнен только частично. (0x12B)
[1003/144708:WARNING:pe_image_reader.cc(281)] could not read dos header from C:\Program Files (x86)\Google\Chrome\Application\chrome.exe
[1003/144708:ERROR:process_reader_win.cc(233)] ReadMemory at 0x7ffc80290000 of 64 bytes failed: Запрос ReadProcessMemory или WriteProcessMemory был выполнен только частично. (0x12B)
[1003/144708:WARNING:pe_image_reader.cc(281)] could not read dos header from C:\Windows\SYSTEM32\ntdll.dll
[1003/144708:ERROR:process_reader_win.cc(233)] ReadMemory at 0x7ffc7d550000 of 64 bytes failed: Запрос ReadProcessMemory или WriteProcessMemory был выполнен только частично. (0x12B)
[1003/144708:WARNING:pe_image_reader.cc(281)] could not read dos header from C:\Windows\System32\KERNELBASE.dll
[1003/144708:ERROR:process_reader_win.cc(233)] ReadMemory at 0x7ffc7e3c0000 of 64 bytes failed: Запрос ReadProcessMemory или WriteProcessMemory был выполнен только частично. (0x12B)
[1003/144708:WARNING:pe_image_reader.cc(281)] could not read dos header from C:\Windows\System32\KERNEL32.DLL
[1003/144708:ERROR:process_reader_win.cc(233)] ReadMemory at 0x7ffc7aca0000 of 64 bytes failed: Запрос ReadProcessMemory или WriteProcessMemory был выполнен только частично. (0x12B)
[1003/144708:WARNING:pe_image_reader.cc(281)] could not read dos header from C:\Windows\system32\apphelp.dll
[1003/144708:ERROR:process_reader_win.cc(233)] ReadMemory at 0x7ffc72e00000 of 64 bytes failed: Запрос ReadProcessMemory или WriteProcessMemory был выполнен только частично. (0x12B)
[1003/144708:WARNING:pe_image_reader.cc(281)] could not read dos header from C:\Windows\AppPatch\AppPatch64\AcGenral.dll
[1003/144708:ERROR:process_reader_win.cc(233)] ReadMemory at 0x7ffc80030000 of 64 bytes failed: Запрос ReadProcessMemory или WriteProcessMemory был выполнен только частично. (0x12B)
[1003/144708:WARNING:pe_image_reader.cc(281)] could not read dos header from C:\Windows\System32\msvcrt.dll
[1003/144708:ERROR:process_reader_win.cc(233)] ReadMemory at 0x7ffc7e250000 of 64 bytes failed: Запрос ReadProcessMemory или WriteProcessMemory был выполнен только частично. (0x12B)
[1003/144708:WARNING:pe_image_reader.cc(281)] could not read dos header from C:\Windows\System32\RPCRT4.dll
[1003/144708:ERROR:process_reader_win.cc(233)] ReadMemory at 0x7ffc7ff80000 of 64 bytes failed: Запрос ReadProcessMemory или WriteProcessMemory был выполнен только частично. (0x12B)
[1003/144708:WARNING:pe_image_reader.cc(281)] could not read dos header from C:\Windows\System32\sechost.dll
[1003/144708:ERROR:process_reader_win.cc(233)] ReadMemory at 0x7ffc7c3c0000 of 64 bytes failed: Запрос ReadProcessMemory или WriteProcessMemory был выполнен только частично. (0x12B)
[1003/144708:WARNING:pe_image_reader.cc(281)] could not read dos header from C:\Windows\SYSTEM32\SspiCli.dll
[1003/144708:ERROR:process_reader_win.cc(233)] ReadMemory at 0x7ffc7cd70000 of 64 bytes failed: Запрос ReadProcessMemory или WriteProcessMemory был выполнен только частично. (0x12B)
[1003/144708:WARNING:pe_image_reader.cc(281)] could not read dos header from C:\Windows\System32\ucrtbase.dll
[1003/144708:ERROR:process_reader_win.cc(233)] ReadMemory at 0x7ffc7c780000 of 64 bytes failed: Запрос ReadProcessMemory или WriteProcessMemory был выполнен только частично. (0x12B)
[1003/144708:WARNING:pe_image_reader.cc(281)] could not read dos header from C:\Windows\System32\bcryptPrimitives.dll
[1003/144708:ERROR:process_reader_win.cc(233)] ReadMemory at 0x7ffc7da90000 of 64 bytes failed: Запрос ReadProcessMemory или WriteProcessMemory был выполнен только частично. (0x12B)
[1003/144708:WARNING:pe_image_reader.cc(281)] could not read dos header from C:\Windows\System32\combase.dll
[1003/144708:ERROR:process_reader_win.cc(233)] ReadMemory at 0x7ffc7c840000 of 64 bytes failed: Запрос ReadProcessMemory или WriteProcessMemory был выполнен только частично. (0x12B)
[1003/144708:WARNING:pe_image_reader.cc(281)] could not read dos header from C:\Windows\System32\win32u.dll
[1003/144708:ERROR:process_reader_win.cc(233)] ReadMemory at 0x7ffc7e030000 of 64 bytes failed: Запрос ReadProcessMemory или WriteProcessMemory был выполнен только частично. (0x12B)
[1003/144708:WARNING:pe_image_reader.cc(281)] could not read dos header from C:\Windows\System32\USER32.dll
[1003/144708:ERROR:process_reader_win.cc(233)] ReadMemory at 0x7ffc7c8c0000 of 64 bytes failed: Запрос ReadProcessMemory или WriteProcessMemory был выполнен только частично. (0x12B)
[1003/144708:WARNING:pe_image_reader.cc(281)] could not read dos header from C:\Windows\System32\gdi32full.dll
[1003/144708:ERROR:process_reader_win.cc(233)] ReadMemory at 0x7ffc7e380000 of 64 bytes failed: Запрос ReadProcessMemory или WriteProcessMemory был выполнен только частично. (0x12B)
[1003/144708:WARNING:pe_image_reader.cc(281)] could not read dos header from C:\Windows\System32\GDI32.dll
[1003/144708:ERROR:process_reader_win.cc(233)] ReadMemory at 0x7ffc80000000 of 64 bytes failed: Запрос ReadProcessMemory или WriteProcessMemory был выполнен только частично. (0x12B)
[1003/144708:WARNING:pe_image_reader.cc(281)] could not read dos header from C:\Windows\System32\IMM32.DLL
[1003/144708:ERROR:process_reader_win.cc(233)] ReadMemory at 0x7ffc800d0000 of 64 bytes failed: Запрос ReadProcessMemory или WriteProcessMemory был выполнен только частично. (0x12B)
[1003/144708:WARNING:pe_image_reader.cc(281)] could not read dos header from C:\Windows\System32\SHLWAPI.dll
[1003/144708:ERROR:process_reader_win.cc(233)] ReadMemory at 0x7ffc7dde0000 of 64 bytes failed: Запрос ReadProcessMemory или WriteProcessMemory был выполнен только частично. (0x12B)
[1003/144708:WARNING:pe_image_reader.cc(281)] could not read dos header from C:\Windows\System32\ole32.dll
[1003/144708:ERROR:process_reader_win.cc(233)] ReadMemory at 0x7ffc7c7f0000 of 64 bytes failed: Запрос ReadProcessMemory или WriteProcessMemory был выполнен только частично. (0x12B)
[1003/144708:WARNING:pe_image_reader.cc(281)] could not read dos header from C:\Windows\System32\cfgmgr32.dll
[1003/144708:ERROR:process_reader_win.cc(233)] ReadMemory at 0x7ffc7c6f0000 of 64 bytes failed: Запрос ReadProcessMemory или WriteProcessMemory был выполнен только частично. (0x12B)
[1003/144708:WARNING:pe_image_reader.cc(281)] could not read dos header from C:\Windows\System32\powrprof.dll
[1003/144708:ERROR:process_reader_win.cc(233)] ReadMemory at 0x7ffc7e1a0000 of 64 bytes failed: Запрос ReadProcessMemory или WriteProcessMemory был выполнен только частично. (0x12B)
[1003/144708:WARNING:pe_image_reader.cc(281)] could not read dos header from C:\Windows\System32\advapi32.dll
[1003/144708:ERROR:process_reader_win.cc(233)] ReadMemory at 0x7ffc7c740000 of 64 bytes failed: Запрос ReadProcessMemory или WriteProcessMemory был выполнен только частично. (0x12B)
[1003/144708:WARNING:pe_image_reader.cc(281)] could not read dos header from C:\Windows\System32\kernel.appcore.dll
[1003/144708:ERROR:process_reader_win.cc(233)] ReadMemory at 0x7ffc7d770000 of 64 bytes failed: Запрос ReadProcessMemory или WriteProcessMemory был выполнен только частично. (0x12B)
[1003/144708:WARNING:pe_image_reader.cc(281)] could not read dos header from C:\Windows\System32\shcore.dll
[1003/144708:ERROR:process_reader_win.cc(233)] ReadMemory at 0x7ffc7c750000 of 64 bytes failed: Запрос ReadProcessMemory или WriteProcessMemory был выполнен только частично. (0x12B)
[1003/144708:WARNING:pe_image_reader.cc(281)] could not read dos header from C:\Windows\System32\profapi.dll
[1003/144708:ERROR:process_reader_win.cc(233)] ReadMemory at 0x7ffc7ce70000 of 64 bytes failed: Запрос ReadProcessMemory или WriteProcessMemory был выполнен только частично. (0x12B)
[1003/144708:WARNING:pe_image_reader.cc(281)] could not read dos header from C:\Windows\System32\windows.storage.dll
[1003/144708:ERROR:process_reader_win.cc(233)] ReadMemory at 0x7ffc7e630000 of 64 bytes failed: Запрос ReadProcessMemory или WriteProcessMemory был выполнен только частично. (0x12B)
[1003/144708:WARNING:pe_image_reader.cc(281)] could not read dos header from C:\Windows\System32\SHELL32.dll
[1003/144708:ERROR:process_reader_win.cc(233)] ReadMemory at 0x7ffc7c0a0000 of 64 bytes failed: Запрос ReadProcessMemory или WriteProcessMemory был выполнен только частично. (0x12B)
[1003/144708:WARNING:pe_image_reader.cc(281)] could not read dos header from C:\Windows\SYSTEM32\USERENV.dll
[1003/144708:ERROR:process_reader_win.cc(233)] ReadMemory at 0x7ffc783a0000 of 64 bytes failed: Запрос ReadProcessMemory или WriteProcessMemory был выполнен только частично. (0x12B)
[1003/144708:WARNING:pe_image_reader.cc(281)] could not read dos header from C:\Windows\SYSTEM32\MPR.dll
[1003/144708:ERROR:process_reader_win.cc(233)] ReadMemory at 0x7ffc7c1c0000 of 64 bytes failed: Запрос ReadProcessMemory или WriteProcessMemory был выполнен только частично. (0x12B)
[1003/144708:WARNING:pe_image_reader.cc(281)] could not read dos header from C:\Windows\SYSTEM32\CRYPTBASE.DLL
[1003/144708:ERROR:process_reader_win.cc(233)] ReadMemory at 0x7ffc71630000 of 64 bytes failed: Запрос ReadProcessMemory или WriteProcessMemory был выполнен только частично. (0x12B)
[1003/144708:WARNING:pe_image_reader.cc(281)] could not read dos header from C:\Program Files (x86)\Google\Chrome\Application\53.0.2785.116\chrome_elf.dll
[1003/144708:ERROR:process_reader_win.cc(233)] ReadMemory at 0x7ffc791d0000 of 64 bytes failed: Запрос ReadProcessMemory или WriteProcessMemory был выполнен только частично. (0x12B)
[1003/144708:WARNING:pe_image_reader.cc(281)] could not read dos header from C:\Windows\SYSTEM32\VERSION.dll
[1003/144708:ERROR:process_reader_win.cc(233)] ReadMemory at 0x7ffc7a8e0000 of 64 bytes failed: Запрос ReadProcessMemory или WriteProcessMemory был выполнен только частично. (0x12B)
[1003/144708:WARNING:pe_image_reader.cc(281)] could not read dos header from C:\Windows\SYSTEM32\WINMMBASE.dll
[1003/144708:ERROR:process_reader_win.cc(233)] ReadMemory at 0x7ffc7a940000 of 64 bytes failed: Запрос ReadProcessMemory или WriteProcessMemory был выполнен только частично. (0x12B)
[1003/144708:WARNING:pe_image_reader.cc(281)] could not read dos header from C:\Windows\SYSTEM32\WINMM.dll
[1003/144708:ERROR:process_reader_win.cc(233)] ReadMemory at 0x7ffc7a320000 of 64 bytes failed: Запрос ReadProcessMemory или WriteProcessMemory был выполнен только частично. (0x12B)
[1003/144708:WARNING:pe_image_reader.cc(281)] could not read dos header from C:\Windows\SYSTEM32\WTSAPI32.dll
[1003/144708:ERROR:process_reader_win.cc(233)] ReadMemory at 0x7ffc74e80000 of 64 bytes failed: Запрос ReadProcessMemory или WriteProcessMemory был выполнен только частично. (0x12B)
[1003/144708:WARNING:pe_image_reader.cc(281)] could not read dos header from C:\Windows\SYSTEM32\WINHTTP.dll
[1003/144708:ERROR:process_reader_win.cc(233)] ReadMemory at 0x7ffc7ca50000 of 64 bytes failed: Запрос ReadProcessMemory или WriteProcessMemory был выполнен только частично. (0x12B)
[1003/144708:WARNING:pe_image_reader.cc(281)] could not read dos header from C:\Windows\System32\msvcp_win.dll
[1003/144708:ERROR:process_reader_win.cc(233)] ReadMemory at 0x7ffc801d0000 of 64 bytes failed: Запрос ReadProcessMemory или WriteProcessMemory был выполнен только частично. (0x12B)
[1003/144708:WARNING:pe_image_reader.cc(281)] could not read dos header from C:\Windows\System32\OLEAUT32.dll
[1003/144708:ERROR:process_reader_win.cc(233)] ReadMemory at 0x7ffc6b2d0000 of 64 bytes failed: Запрос ReadProcessMemory или WriteProcessMemory был выполнен только частично. (0x12B)
[1003/144708:WARNING:pe_image_reader.cc(281)] could not read dos header from C:\Windows\SYSTEM32\ninput.dll
[1003/144708:ERROR:process_reader_win.cc(233)] ReadMemory at 0x7ffc7df20000 of 64 bytes failed: Запрос ReadProcessMemory или WriteProcessMemory был выполнен только частично. (0x12B)
[1003/144708:WARNING:pe_image_reader.cc(281)] could not read dos header from C:\Windows\System32\PSAPI.DLL
[1003/144708:ERROR:process_reader_win.cc(233)] ReadMemory at 0x7ffc7c630000 of 64 bytes failed: Запрос ReadProcessMemory или WriteProcessMemory был выполнен только частично. (0x12B)
[1003/144708:WARNING:pe_image_reader.cc(281)] could not read dos header from C:\Windows\SYSTEM32\bcrypt.dll
[1003/144708:ERROR:process_reader_win.cc(233)] ReadMemory at 0x7ffc78080000 of 64 bytes failed: Запрос ReadProcessMemory или WriteProcessMemory был выполнен только частично. (0x12B)
[1003/144708:WARNING:pe_image_reader.cc(281)] could not read dos header from C:\Windows\SYSTEM32\WINSPOOL.DRV
[1003/144708:ERROR:process_reader_win.cc(233)] ReadMemory at 0x7ffc77c60000 of 64 bytes failed: Запрос ReadProcessMemory или WriteProcessMemory был выполнен только частично. (0x12B)
[1003/144708:WARNING:pe_image_reader.cc(281)] could not read dos header from C:\Windows\WinSxS\amd64_microsoft.windows.common-controls_6595b64144ccf1df_6.0.14393.0_none_2d0f50fcbdb171b8\COMCTL32.dll
[1003/144708:ERROR:process_reader_win.cc(233)] ReadMemory at 0x7ffc7df30000 of 64 bytes failed: Запрос ReadProcessMemory или WriteProcessMemory был выполнен только частично. (0x12B)
[1003/144708:WARNING:pe_image_reader.cc(281)] could not read dos header from C:\Windows\System32\COMDLG32.dll
[1003/144708:ERROR:process_reader_win.cc(233)] ReadMemory at 0x7ffc7bbf0000 of 64 bytes failed: Запрос ReadProcessMemory или WriteProcessMemory был выполнен только частично. (0x12B)
[1003/144708:WARNING:pe_image_reader.cc(281)] could not read dos header from C:\Windows\SYSTEM32\IPHLPAPI.DLL
[1003/144708:ERROR:process_reader_win.cc(233)] ReadMemory at 0x7ffc7d880000 of 64 bytes failed: Запрос ReadProcessMemory или WriteProcessMemory был выполнен только частично. (0x12B)
[1003/144708:WARNING:pe_image_reader.cc(281)] could not read dos header from C:\Windows\System32\WS2_32.dll
[1003/144708:ERROR:process_reader_win.cc(233)] ReadMemory at 0x7ffc72100000 of 64 bytes failed: Запрос ReadProcessMemory или WriteProcessMemory был выполнен только частично. (0x12B)
[1003/144708:WARNING:pe_image_reader.cc(281)] could not read dos header from C:\Windows\SYSTEM32\USP10.dll
[1003/144708:ERROR:process_reader_win.cc(233)] ReadMemory at 0x7ffc7c770000 of 64 bytes failed: Запрос ReadProcessMemory или WriteProcessMemory был выполнен только частично. (0x12B)
[1003/144708:WARNING:pe_image_reader.cc(281)] could not read dos header from C:\Windows\System32\MSASN1.dll
[1003/144708:ERROR:process_reader_win.cc(233)] ReadMemory at 0x7ffc7caf0000 of 64 bytes failed: Запрос ReadProcessMemory или WriteProcessMemory был выполнен только частично. (0x12B)
[1003/144708:WARNING:pe_image_reader.cc(281)] could not read dos header from C:\Windows\System32\CRYPT32.dll
[1003/144708:ERROR:process_reader_win.cc(233)] ReadMemory at 0x7ffc7c860000 of 64 bytes failed: Запрос ReadProcessMemory или WriteProcessMemory был выполнен только частично. (0x12B)
[1003/144708:WARNING:pe_image_reader.cc(281)] could not read dos header from C:\Windows\System32\WINTRUST.dll
[1003/144708:ERROR:process_reader_win.cc(233)] ReadMemory at 0x7ffc75240000 of 64 bytes failed: Запрос ReadProcessMemory или WriteProcessMemory был выполнен только частично. (0x12B)
[1003/144708:WARNING:pe_image_reader.cc(281)] could not read dos header from C:\Windows\SYSTEM32\Secur32.dll
[1003/144708:ERROR:process_reader_win.cc(233)] ReadMemory at 0x7ffc48b80000 of 64 bytes failed: Запрос ReadProcessMemory или WriteProcessMemory был выполнен только частично. (0x12B)
[1003/144708:WARNING:pe_image_reader.cc(281)] could not read dos header from C:\Program Files (x86)\Google\Chrome\Application\53.0.2785.116\chrome_child.dll
[1003/144708:ERROR:process_reader_win.cc(233)] ReadMemory at 0x7ffc72ff0000 of 64 bytes failed: Запрос ReadProcessMemory или WriteProcessMemory был выполнен только частично. (0x12B)
[1003/144708:WARNING:pe_image_reader.cc(281)] could not read dos header from C:\Windows\SYSTEM32\dwrite.dll
[1003/144708:ERROR:process_reader_win.cc(233)] ReadMemory at 0x7ff704ff0000 of 64 bytes failed: Запрос ReadProcessMemory или WriteProcessMemory был выполнен только частично. (0x12B)
[1003/144708:WARNING:pe_image_reader.cc(281)] could not read dos header from C:\Program Files (x86)\Google\Chrome\Application\chrome.exe
[1003/144708:ERROR:process_reader_win.cc(233)] ReadMemory at 0x7ffc80290000 of 64 bytes failed: Запрос ReadProcessMemory или WriteProcessMemory был выполнен только частично. (0x12B)
[1003/144708:WARNING:pe_image_reader.cc(281)] could not read dos header from C:\Windows\SYSTEM32\ntdll.dll
[1003/144708:ERROR:process_reader_win.cc(233)] ReadMemory at 0x7ffc7d550000 of 64 bytes failed: Запрос ReadProcessMemory или WriteProcessMemory был выполнен только частично. (0x12B)
[1003/144708:WARNING:pe_image_reader.cc(281)] could not read dos header from C:\Windows\System32\KERNELBASE.dll
[1003/144708:ERROR:process_reader_win.cc(233)] ReadMemory at 0x7ffc7e3c0000 of 64 bytes failed: Запрос ReadProcessMemory или WriteProcessMemory был выполнен только частично. (0x12B)
[1003/144708:WARNING:pe_image_reader.cc(281)] could not read dos header from C:\Windows\System32\KERNEL32.DLL
[1003/144708:ERROR:process_reader_win.cc(233)] ReadMemory at 0x7ffc7aca0000 of 64 bytes failed: Запрос ReadProcessMemory или WriteProcessMemory был выполнен только частично. (0x12B)
[1003/144708:WARNING:pe_image_reader.cc(281)] could not read dos header from C:\Windows\system32\apphelp.dll
[1003/144708:ERROR:process_reader_win.cc(233)] ReadMemory at 0x7ffc72e00000 of 64 bytes failed: Запрос ReadProcessMemory или WriteProcessMemory был выполнен только частично. (0x12B)
[1003/144708:WARNING:pe_image_reader.cc(281)] could not read dos header from C:\Windows\AppPatch\AppPatch64\AcGenral.dll
[1003/144708:ERROR:process_reader_win.cc(233)] ReadMemory at 0x7ffc80030000 of 64 bytes failed: Запрос ReadProcessMemory или WriteProcessMemory был выполнен только частично. (0x12B)
[1003/144708:WARNING:pe_image_reader.cc(281)] could not read dos header from C:\Windows\System32\msvcrt.dll
[1003/144708:ERROR:process_reader_win.cc(233)] ReadMemory at 0x7ffc7e250000 of 64 bytes failed: Запрос ReadProcessMemory или WriteProcessMemory был выполнен только частично. (0x12B)
[1003/144708:WARNING:pe_image_reader.cc(281)] could not read dos header from C:\Windows\System32\RPCRT4.dll
[1003/144708:ERROR:process_reader_win.cc(233)] ReadMemory at 0x7ffc7ff80000 of 64 bytes failed: Запрос ReadProcessMemory или WriteProcessMemory был выполнен только частично. (0x12B)
[1003/144708:WARNING:pe_image_reader.cc(281)] could not read dos header from C:\Windows\System32\sechost.dll
[1003/144708:ERROR:process_reader_win.cc(233)] ReadMemory at 0x7ffc7c3c0000 of 64 bytes failed: Запрос ReadProcessMemory или WriteProcessMemory был выполнен только частично. (0x12B)
[1003/144708:WARNING:pe_image_reader.cc(281)] could not read dos header from C:\Windows\SYSTEM32\SspiCli.dll
[1003/144708:ERROR:process_reader_win.cc(233)] ReadMemory at 0x7ffc7cd70000 of 64 bytes failed: Запрос ReadProcessMemory или WriteProcessMemory был выполнен только частично. (0x12B)
[1003/144708:WARNING:pe_image_reader.cc(281)] could not read dos header from C:\Windows\System32\ucrtbase.dll
[1003/144708:ERROR:process_reader_win.cc(233)] ReadMemory at 0x7ffc7c780000 of 64 bytes failed: Запрос ReadProcessMemory или WriteProcessMemory был выполнен только частично. (0x12B)
[1003/144708:WARNING:pe_image_reader.cc(281)] could not read dos header from C:\Windows\System32\bcryptPrimitives.dll
[1003/144708:ERROR:process_reader_win.cc(233)] ReadMemory at 0x7ffc7da90000 of 64 bytes failed: Запрос ReadProcessMemory или WriteProcessMemory был выполнен только частично. (0x12B)
[1003/144708:WARNING:pe_image_reader.cc(281)] could not read dos header from C:\Windows\System32\combase.dll
[1003/144708:ERROR:process_reader_win.cc(233)] ReadMemory at 0x7ffc7c840000 of 64 bytes failed: Запрос ReadProcessMemory или WriteProcessMemory был выполнен только частично. (0x12B)
[1003/144708:WARNING:pe_image_reader.cc(281)] could not read dos header from C:\Windows\System32\win32u.dll
[1003/144708:ERROR:process_reader_win.cc(233)] ReadMemory at 0x7ffc7e030000 of 64 bytes failed: Запрос ReadProcessMemory или WriteProcessMemory был выполнен только частично. (0x12B)
[1003/144708:WARNING:pe_image_reader.cc(281)] could not read dos header from C:\Windows\System32\USER32.dll
[1003/144708:ERROR:process_reader_win.cc(233)] ReadMemory at 0x7ffc7c8c0000 of 64 bytes failed: Запрос ReadProcessMemory или WriteProcessMemory был выполнен только частично. (0x12B)
[1003/144708:WARNING:pe_image_reader.cc(281)] could not read dos header from C:\Windows\System32\gdi32full.dll
[1003/144708:ERROR:process_reader_win.cc(233)] ReadMemory at 0x7ffc7e380000 of 64 bytes failed: Запрос ReadProcessMemory или WriteProcessMemory был выполнен только частично. (0x12B)
[1003/144708:WARNING:pe_image_reader.cc(281)] could not read dos header from C:\Windows\System32\GDI32.dll
[1003/144708:ERROR:process_reader_win.cc(233)] ReadMemory at 0x7ffc80000000 of 64 bytes failed: Запрос ReadProcessMemory или WriteProcessMemory был выполнен только частично. (0x12B)
[1003/144708:WARNING:pe_image_reader.cc(281)] could not read dos header from C:\Windows\System32\IMM32.DLL
[1003/144708:ERROR:process_reader_win.cc(233)] ReadMemory at 0x7ffc800d0000 of 64 bytes failed: Запрос ReadProcessMemory или WriteProcessMemory был выполнен только частично. (0x12B)
[1003/144708:WARNING:pe_image_reader.cc(281)] could not read dos header from C:\Windows\System32\SHLWAPI.dll
[1003/144708:ERROR:process_reader_win.cc(233)] ReadMemory at 0x7ffc7dde0000 of 64 bytes failed: Запрос ReadProcessMemory или WriteProcessMemory был выполнен только частично. (0x12B)
[1003/144708:WARNING:pe_image_reader.cc(281)] could not read dos header from C:\Windows\System32\ole32.dll
[1003/144708:ERROR:process_reader_win.cc(233)] ReadMemory at 0x7ffc7c7f0000 of 64 bytes failed: Запрос ReadProcessMemory или WriteProcessMemory был выполнен только частично. (0x12B)
[1003/144708:WARNING:pe_image_reader.cc(281)] could not read dos header from C:\Windows\System32\cfgmgr32.dll
[1003/144708:ERROR:process_reader_win.cc(233)] ReadMemory at 0x7ffc7c6f0000 of 64 bytes failed: Запрос ReadProcessMemory или WriteProcessMemory был выполнен только частично. (0x12B)
[1003/144708:WARNING:pe_image_reader.cc(281)] could not read dos header from C:\Windows\System32\powrprof.dll
[1003/144708:ERROR:process_reader_win.cc(233)] ReadMemory at 0x7ffc7e1a0000 of 64 bytes failed: Запрос ReadProcessMemory или WriteProcessMemory был выполнен только частично. (0x12B)
[1003/144708:WARNING:pe_image_reader.cc(281)] could not read dos header from C:\Windows\System32\advapi32.dll
[1003/144708:ERROR:process_reader_win.cc(233)] ReadMemory at 0x7ffc7c740000 of 64 bytes failed: Запрос ReadProcessMemory или WriteProcessMemory был выполнен только частично. (0x12B)
[1003/144708:WARNING:pe_image_reader.cc(281)] could not read dos header from C:\Windows\System32\kernel.appcore.dll
[1003/144708:ERROR:process_reader_win.cc(233)] ReadMemory at 0x7ffc7d770000 of 64 bytes failed: Запрос ReadProcessMemory или WriteProcessMemory был выполнен только частично. (0x12B)
[1003/144708:WARNING:pe_image_reader.cc(281)] could not read dos header from C:\Windows\System32\shcore.dll
[1003/144708:ERROR:process_reader_win.cc(233)] ReadMemory at 0x7ffc7c750000 of 64 bytes failed: Запрос ReadProcessMemory или WriteProcessMemory был выполнен только частично. (0x12B)
[1003/144708:WARNING:pe_image_reader.cc(281)] could not read dos header from C:\Windows\System32\profapi.dll
[1003/144708:ERROR:process_reader_win.cc(233)] ReadMemory at 0x7ffc7ce70000 of 64 bytes failed: Запрос ReadProcessMemory или WriteProcessMemory был выполнен только частично. (0x12B)
[1003/144708:WARNING:pe_image_reader.cc(281)] could not read dos header from C:\Windows\System32\windows.storage.dll
[1003/144708:ERROR:process_reader_win.cc(233)] ReadMemory at 0x7ffc7e630000 of 64 bytes failed: Запрос ReadProcessMemory или WriteProcessMemory был выполнен только частично. (0x12B)
[1003/144708:WARNING:pe_image_reader.cc(281)] could not read dos header from C:\Windows\System32\SHELL32.dll
[1003/144708:ERROR:process_reader_win.cc(233)] ReadMemory at 0x7ffc7c0a0000 of 64 bytes failed: Запрос ReadProcessMemory или WriteProcessMemory был выполнен только частично. (0x12B)
[1003/144708:WARNING:pe_image_reader.cc(281)] could not read dos header from C:\Windows\SYSTEM32\USERENV.dll
[1003/144708:ERROR:process_reader_win.cc(233)] ReadMemory at 0x7ffc783a0000 of 64 bytes failed: Запрос ReadProcessMemory или WriteProcessMemory был выполнен только частично. (0x12B)
[1003/144708:WARNING:pe_image_reader.cc(281)] could not read dos header from C:\Windows\SYSTEM32\MPR.dll
[1003/144708:ERROR:process_reader_win.cc(233)] ReadMemory at 0x7ffc7c1c0000 of 64 bytes failed: Запрос ReadProcessMemory или WriteProcessMemory был выполнен только частично. (0x12B)
[1003/144708:WARNING:pe_image_reader.cc(281)] could not read dos header from C:\Windows\SYSTEM32\CRYPTBASE.DLL
[1003/144708:ERROR:process_reader_win.cc(233)] ReadMemory at 0x7ffc71630000 of 64 bytes failed: Запрос ReadProcessMemory или WriteProcessMemory был выполнен только частично. (0x12B)
[1003/144708:WARNING:pe_image_reader.cc(281)] could not read dos header from C:\Program Files (x86)\Google\Chrome\Application\53.0.2785.116\chrome_elf.dll
[1003/144708:ERROR:process_reader_win.cc(233)] ReadMemory at 0x7ffc791d0000 of 64 bytes failed: Запрос ReadProcessMemory или WriteProcessMemory был выполнен только частично. (0x12B)
[1003/144708:WARNING:pe_image_reader.cc(281)] could not read dos header from C:\Windows\SYSTEM32\VERSION.dll
[1003/144708:ERROR:process_reader_win.cc(233)] ReadMemory at 0x7ffc7a8e0000 of 64 bytes failed: Запрос ReadProcessMemory или WriteProcessMemory был выполнен только частично. (0x12B)
[1003/144708:WARNING:pe_image_reader.cc(281)] could not read dos header from C:\Windows\SYSTEM32\WINMMBASE.dll
[1003/144708:ERROR:process_reader_win.cc(233)] ReadMemory at 0x7ffc7a940000 of 64 bytes failed: Запрос ReadProcessMemory или WriteProcessMemory был выполнен только частично. (0x12B)
[1003/144708:WARNING:pe_image_reader.cc(281)] could not read dos header from C:\Windows\SYSTEM32\WINMM.dll
[1003/144708:ERROR:process_reader_win.cc(233)] ReadMemory at 0x7ffc7a320000 of 64 bytes failed: Запрос ReadProcessMemory или WriteProcessMemory был выполнен только частично. (0x12B)
[1003/144708:WARNING:pe_image_reader.cc(281)] could not read dos header from C:\Windows\SYSTEM32\WTSAPI32.dll
[1003/144708:ERROR:process_reader_win.cc(233)] ReadMemory at 0x7ffc74e80000 of 64 bytes failed: Запрос ReadProcessMemory или WriteProcessMemory был выполнен только частично. (0x12B)
[1003/144708:WARNING:pe_image_reader.cc(281)] could not read dos header from C:\Windows\SYSTEM32\WINHTTP.dll
[1003/144708:ERROR:process_reader_win.cc(233)] ReadMemory at 0x7ffc7ca50000 of 64 bytes failed: Запрос ReadProcessMemory или WriteProcessMemory был выполнен только частично. (0x12B)
[1003/144708:WARNING:pe_image_reader.cc(281)] could not read dos header from C:\Windows\System32\msvcp_win.dll
[1003/144708:ERROR:process_reader_win.cc(233)] ReadMemory at 0x7ffc801d0000 of 64 bytes failed: Запрос ReadProcessMemory или WriteProcessMemory был выполнен только частично. (0x12B)
[1003/144708:WARNING:pe_image_reader.cc(281)] could not read dos header from C:\Windows\System32\OLEAUT32.dll
[1003/144708:ERROR:process_reader_win.cc(233)] ReadMemory at 0x7ffc6b2d0000 of 64 bytes failed: Запрос ReadProcessMemory или WriteProcessMemory был выполнен только частично. (0x12B)
[1003/144708:WARNING:pe_image_reader.cc(281)] could not read dos header from C:\Windows\SYSTEM32\ninput.dll
[1003/144708:ERROR:process_reader_win.cc(233)] ReadMemory at 0x7ffc7df20000 of 64 bytes failed: Запрос ReadProcessMemory или WriteProcessMemory был выполнен только частично. (0x12B)
[1003/144708:WARNING:pe_image_reader.cc(281)] could not read dos header from C:\Windows\System32\PSAPI.DLL
[1003/144708:ERROR:process_reader_win.cc(233)] ReadMemory at 0x7ffc7c630000 of 64 bytes failed: Запрос ReadProcessMemory или WriteProcessMemory был выполнен только частично. (0x12B)
[1003/144708:WARNING:pe_image_reader.cc(281)] could not read dos header from C:\Windows\SYSTEM32\bcrypt.dll
[1003/144708:ERROR:process_reader_win.cc(233)] ReadMemory at 0x7ffc78080000 of 64 bytes failed: Запрос ReadProcessMemory или WriteProcessMemory был выполнен только частично. (0x12B)
[1003/144708:WARNING:pe_image_reader.cc(281)] could not read dos header from C:\Windows\SYSTEM32\WINSPOOL.DRV
[1003/144708:ERROR:process_reader_win.cc(233)] ReadMemory at 0x7ffc77c60000 of 64 bytes failed: Запрос ReadProcessMemory или WriteProcessMemory был выполнен только частично. (0x12B)
[1003/144708:WARNING:pe_image_reader.cc(281)] could not read dos header from C:\Windows\WinSxS\amd64_microsoft.windows.common-controls_6595b64144ccf1df_6.0.14393.0_none_2d0f50fcbdb171b8\COMCTL32.dll
[1003/144708:ERROR:process_reader_win.cc(233)] ReadMemory at 0x7ffc7df30000 of 64 bytes failed: Запрос ReadProcessMemory или WriteProcessMemory был выполнен только частично. (0x12B)
[1003/144708:WARNING:pe_image_reader.cc(281)] could not read dos header from C:\Windows\System32\COMDLG32.dll
[1003/144708:ERROR:process_reader_win.cc(233)] ReadMemory at 0x7ffc7bbf0000 of 64 bytes failed: Запрос ReadProcessMemory или WriteProcessMemory был выполнен только частично. (0x12B)
[1003/144708:WARNING:pe_image_reader.cc(281)] could not read dos header from C:\Windows\SYSTEM32\IPHLPAPI.DLL
[1003/144708:ERROR:process_reader_win.cc(233)] ReadMemory at 0x7ffc7d880000 of 64 bytes failed: Запрос ReadProcessMemory или WriteProcessMemory был выполнен только частично. (0x12B)
[1003/144708:WARNING:pe_image_reader.cc(281)] could not read dos header from C:\Windows\System32\WS2_32.dll
[1003/144708:ERROR:process_reader_win.cc(233)] ReadMemory at 0x7ffc72100000 of 64 bytes failed: Запрос ReadProcessMemory или WriteProcessMemory был выполнен только частично. (0x12B)
[1003/144708:WARNING:pe_image_reader.cc(281)] could not read dos header from C:\Windows\SYSTEM32\USP10.dll
[1003/144708:ERROR:process_reader_win.cc(233)] ReadMemory at 0x7ffc7c770000 of 64 bytes failed: Запрос ReadProcessMemory или WriteProcessMemory был выполнен только частично. (0x12B)
[1003/144708:WARNING:pe_image_reader.cc(281)] could not read dos header from C:\Windows\System32\MSASN1.dll
[1003/144708:ERROR:process_reader_win.cc(233)] ReadMemory at 0x7ffc7caf0000 of 64 bytes failed: Запрос ReadProcessMemory или WriteProcessMemory был выполнен только частично. (0x12B)
[1003/144708:WARNING:pe_image_reader.cc(281)] could not read dos header from C:\Windows\System32\CRYPT32.dll
[1003/144708:ERROR:process_reader_win.cc(233)] ReadMemory at 0x7ffc7c860000 of 64 bytes failed: Запрос ReadProcessMemory или WriteProcessMemory был выполнен только частично. (0x12B)
[1003/144708:WARNING:pe_image_reader.cc(281)] could not read dos header from C:\Windows\System32\WINTRUST.dll
[1003/144708:ERROR:process_reader_win.cc(233)] ReadMemory at 0x7ffc75240000 of 64 bytes failed: Запрос ReadProcessMemory или WriteProcessMemory был выполнен только частично. (0x12B)
[1003/144708:WARNING:pe_image_reader.cc(281)] could not read dos header from C:\Windows\SYSTEM32\Secur32.dll
[1003/144708:ERROR:process_reader_win.cc(233)] ReadMemory at 0x7ffc48b80000 of 64 bytes failed: Запрос ReadProcessMemory или WriteProcessMemory был выполнен только частично. (0x12B)
[1003/144708:WARNING:pe_image_reader.cc(281)] could not read dos header from C:\Program Files (x86)\Google\Chrome\Application\53.0.2785.116\chrome_child.dll
[1003/144708:ERROR:process_reader_win.cc(233)] ReadMemory at 0x7ffc72ff0000 of 64 bytes failed: Запрос ReadProcessMemory или WriteProcessMemory был выполнен только частично. (0x12B)
[1003/144708:WARNING:pe_image_reader.cc(281)] could not read dos header from C:\Windows\SYSTEM32\dwrite.dll
[1003/144708:ERROR:process_reader_win.cc(233)] ReadMemory at 0x7ff704ff0000 of 64 bytes failed: Запрос ReadProcessMemory или WriteProcessMemory был выполнен только частично. (0x12B)
[1003/144708:WARNING:pe_image_reader.cc(281)] could not read dos header from C:\Program Files (x86)\Google\Chrome\Application\chrome.exe
[1003/144708:ERROR:process_reader_win.cc(233)] ReadMemory at 0x7ffc80290000 of 64 bytes failed: Запрос ReadProcessMemory или WriteProcessMemory был выполнен только частично. (0x12B)
[1003/144708:WARNING:pe_image_reader.cc(281)] could not read dos header from C:\Windows\SYSTEM32\ntdll.dll
[1003/144708:ERROR:process_reader_win.cc(233)] ReadMemory at 0x7ffc7d550000 of 64 bytes failed: Запрос ReadProcessMemory или WriteProcessMemory был выполнен только частично. (0x12B)
[1003/144708:WARNING:pe_image_reader.cc(281)] could not read dos header from C:\Windows\System32\KERNELBASE.dll
[1003/144708:ERROR:process_reader_win.cc(233)] ReadMemory at 0x7ffc7e3c0000 of 64 bytes failed: Запрос ReadProcessMemory или WriteProcessMemory был выполнен только частично. (0x12B)
[1003/144708:WARNING:pe_image_reader.cc(281)] could not read dos header from C:\Windows\System32\KERNEL32.DLL
[1003/144708:ERROR:process_reader_win.cc(233)] ReadMemory at 0x7ffc7aca0000 of 64 bytes failed: Запрос ReadProcessMemory или WriteProcessMemory был выполнен только частично. (0x12B)
[1003/144708:WARNING:pe_image_reader.cc(281)] could not read dos header from C:\Windows\system32\apphelp.dll
[1003/144708:ERROR:process_reader_win.cc(233)] ReadMemory at 0x7ffc72e00000 of 64 bytes failed: Запрос ReadProcessMemory или WriteProcessMemory был выполнен только частично. (0x12B)
[1003/144708:WARNING:pe_image_reader.cc(281)] could not read dos header from C:\Windows\AppPatch\AppPatch64\AcGenral.dll
[1003/144708:ERROR:process_reader_win.cc(233)] ReadMemory at 0x7ffc80030000 of 64 bytes failed: Запрос ReadProcessMemory или WriteProcessMemory был выполнен только частично. (0x12B)
[1003/144708:WARNING:pe_image_reader.cc(281)] could not read dos header from C:\Windows\System32\msvcrt.dll
[1003/144708:ERROR:process_reader_win.cc(233)] ReadMemory at 0x7ffc7e250000 of 64 bytes failed: Запрос ReadProcessMemory или WriteProcessMemory был выполнен только частично. (0x12B)
[1003/144708:WARNING:pe_image_reader.cc(281)] could not read dos header from C:\Windows\System32\RPCRT4.dll
[1003/144708:ERROR:process_reader_win.cc(233)] ReadMemory at 0x7ffc7ff80000 of 64 bytes failed: Запрос ReadProcessMemory или WriteProcessMemory был выполнен только частично. (0x12B)
[1003/144708:WARNING:pe_image_reader.cc(281)] could not read dos header from C:\Windows\System32\sechost.dll
[1003/144708:ERROR:process_reader_win.cc(233)] ReadMemory at 0x7ffc7c3c0000 of 64 bytes failed: Запрос ReadProcessMemory или WriteProcessMemory был выполнен только частично. (0x12B)
[1003/144708:WARNING:pe_image_reader.cc(281)] could not read dos header from C:\Windows\SYSTEM32\SspiCli.dll
[1003/144708:ERROR:process_reader_win.cc(233)] ReadMemory at 0x7ffc7cd70000 of 64 bytes failed: Запрос ReadProcessMemory или WriteProcessMemory был выполнен только частично. (0x12B)
[1003/144708:WARNING:pe_image_reader.cc(281)] could not read dos header from C:\Windows\System32\ucrtbase.dll
[1003/144708:ERROR:process_reader_win.cc(233)] ReadMemory at 0x7ffc7c780000 of 64 bytes failed: Запрос ReadProcessMemory или WriteProcessMemory был выполнен только частично. (0x12B)
[1003/144708:WARNING:pe_image_reader.cc(281)] could not read dos header from C:\Windows\System32\bcryptPrimitives.dll
[1003/144708:ERROR:process_reader_win.cc(233)] ReadMemory at 0x7ffc7da90000 of 64 bytes failed: Запрос ReadProcessMemory или WriteProcessMemory был выполнен только частично. (0x12B)
[1003/144708:WARNING:pe_image_reader.cc(281)] could not read dos header from C:\Windows\System32\combase.dll
[1003/144708:ERROR:process_reader_win.cc(233)] ReadMemory at 0x7ffc7c840000 of 64 bytes failed: Запрос ReadProcessMemory или WriteProcessMemory был выполнен только частично. (0x12B)
[1003/144708:WARNING:pe_image_reader.cc(281)] could not read dos header from C:\Windows\System32\win32u.dll
[1003/144708:ERROR:process_reader_win.cc(233)] ReadMemory at 0x7ffc7e030000 of 64 bytes failed: Запрос ReadProcessMemory или WriteProcessMemory был выполнен только частично. (0x12B)
[1003/144708:WARNING:pe_image_reader.cc(281)] could not read dos header from C:\Windows\System32\USER32.dll
[1003/144708:ERROR:process_reader_win.cc(233)] ReadMemory at 0x7ffc7c8c0000 of 64 bytes failed: Запрос ReadProcessMemory или WriteProcessMemory был выполнен только частично. (0x12B)
[1003/144708:WARNING:pe_image_reader.cc(281)] could not read dos header from C:\Windows\System32\gdi32full.dll
[1003/144708:ERROR:process_reader_win.cc(233)] ReadMemory at 0x7ffc7e380000 of 64 bytes failed: Запрос ReadProcessMemory или WriteProcessMemory был выполнен только частично. (0x12B)
[1003/144708:WARNING:pe_image_reader.cc(281)] could not read dos header from C:\Windows\System32\GDI32.dll
[1003/144708:ERROR:process_reader_win.cc(233)] ReadMemory at 0x7ffc80000000 of 64 bytes failed: Запрос ReadProcessMemory или WriteProcessMemory был выполнен только частично. (0x12B)
[1003/144708:WARNING:pe_image_reader.cc(281)] could not read dos header from C:\Windows\System32\IMM32.DLL
[1003/144708:ERROR:process_reader_win.cc(233)] ReadMemory at 0x7ffc800d0000 of 64 bytes failed: Запрос ReadProcessMemory или WriteProcessMemory был выполнен только частично. (0x12B)
[1003/144708:WARNING:pe_image_reader.cc(281)] could not read dos header from C:\Windows\System32\SHLWAPI.dll
[1003/144708:ERROR:process_reader_win.cc(233)] ReadMemory at 0x7ffc7dde0000 of 64 bytes failed: Запрос ReadProcessMemory или WriteProcessMemory был выполнен только частично. (0x12B)
[1003/144708:WARNING:pe_image_reader.cc(281)] could not read dos header from C:\Windows\System32\ole32.dll
[1003/144708:ERROR:process_reader_win.cc(233)] ReadMemory at 0x7ffc7c7f0000 of 64 bytes failed: Запрос ReadProcessMemory или WriteProcessMemory был выполнен только частично. (0x12B)
[1003/144708:WARNING:pe_image_reader.cc(281)] could not read dos header from C:\Windows\System32\cfgmgr32.dll
[1003/144708:ERROR:process_reader_win.cc(233)] ReadMemory at 0x7ffc7c6f0000 of 64 bytes failed: Запрос ReadProcessMemory или WriteProcessMemory был выполнен только частично. (0x12B)
[1003/144708:WARNING:pe_image_reader.cc(281)] could not read dos header from C:\Windows\System32\powrprof.dll
[1003/144708:ERROR:process_reader_win.cc(233)] ReadMemory at 0x7ffc7e1a0000 of 64 bytes failed: Запрос ReadProcessMemory или WriteProcessMemory был выполнен только частично. (0x12B)
[1003/144708:WARNING:pe_image_reader.cc(281)] could not read dos header from C:\Windows\System32\advapi32.dll
[1003/144708:ERROR:process_reader_win.cc(233)] ReadMemory at 0x7ffc7c740000 of 64 bytes failed: Запрос ReadProcessMemory или WriteProcessMemory был выполнен только частично. (0x12B)
[1003/144708:WARNING:pe_image_reader.cc(281)] could not read dos header from C:\Windows\System32\kernel.appcore.dll
[1003/144708:ERROR:process_reader_win.cc(233)] ReadMemory at 0x7ffc7d770000 of 64 bytes failed: Запрос ReadProcessMemory или WriteProcessMemory был выполнен только частично. (0x12B)
[1003/144708:WARNING:pe_image_reader.cc(281)] could not read dos header from C:\Windows\System32\shcore.dll
[1003/144708:ERROR:process_reader_win.cc(233)] ReadMemory at 0x7ffc7c750000 of 64 bytes failed: Запрос ReadProcessMemory или WriteProcessMemory был выполнен только частично. (0x12B)
[1003/144708:WARNING:pe_image_reader.cc(281)] could not read dos header from C:\Windows\System32\profapi.dll
[1003/144708:ERROR:process_reader_win.cc(233)] ReadMemory at 0x7ffc7ce70000 of 64 bytes failed: Запрос ReadProcessMemory или WriteProcessMemory был выполнен только частично. (0x12B)
[1003/144708:WARNING:pe_image_reader.cc(281)] could not read dos header from C:\Windows\System32\windows.storage.dll
[1003/144708:ERROR:process_reader_win.cc(233)] ReadMemory at 0x7ffc7e630000 of 64 bytes failed: Запрос ReadProcessMemory или WriteProcessMemory был выполнен только частично. (0x12B)
[1003/144708:WARNING:pe_image_reader.cc(281)] could not read dos header from C:\Windows\System32\SHELL32.dll
[1003/144708:ERROR:process_reader_win.cc(233)] ReadMemory at 0x7ffc7c0a0000 of 64 bytes failed: Запрос ReadProcessMemory или WriteProcessMemory был выполнен только частично. (0x12B)
[1003/144708:WARNING:pe_image_reader.cc(281)] could not read dos header from C:\Windows\SYSTEM32\USERENV.dll
[1003/144708:ERROR:process_reader_win.cc(233)] ReadMemory at 0x7ffc783a0000 of 64 bytes failed: Запрос ReadProcessMemory или WriteProcessMemory был выполнен только частично. (0x12B)
[1003/144708:WARNING:pe_image_reader.cc(281)] could not read dos header from C:\Windows\SYSTEM32\MPR.dll
[1003/144708:ERROR:process_reader_win.cc(233)] ReadMemory at 0x7ffc7c1c0000 of 64 bytes failed: Запрос ReadProcessMemory или WriteProcessMemory был выполнен только частично. (0x12B)
[1003/144708:WARNING:pe_image_reader.cc(281)] could not read dos header from C:\Windows\SYSTEM32\CRYPTBASE.DLL
[1003/144708:ERROR:process_reader_win.cc(233)] ReadMemory at 0x7ffc71630000 of 64 bytes failed: Запрос ReadProcessMemory или WriteProcessMemory был выполнен только частично. (0x12B)
[1003/144708:WARNING:pe_image_reader.cc(281)] could not read dos header from C:\Program Files (x86)\Google\Chrome\Application\53.0.2785.116\chrome_elf.dll
[1003/144708:ERROR:process_reader_win.cc(233)] ReadMemory at 0x7ffc791d0000 of 64 bytes failed: Запрос ReadProcessMemory или WriteProcessMemory был выполнен только частично. (0x12B)
[1003/144708:WARNING:pe_image_reader.cc(281)] could not read dos header from C:\Windows\SYSTEM32\VERSION.dll
[1003/144708:ERROR:process_reader_win.cc(233)] ReadMemory at 0x7ffc7a8e0000 of 64 bytes failed: Запрос ReadProcessMemory или WriteProcessMemory был выполнен только частично. (0x12B)
[1003/144708:WARNING:pe_image_reader.cc(281)] could not read dos header from C:\Windows\SYSTEM32\WINMMBASE.dll
[1003/144708:ERROR:process_reader_win.cc(233)] ReadMemory at 0x7ffc7a940000 of 64 bytes failed: Запрос ReadProcessMemory или WriteProcessMemory был выполнен только частично. (0x12B)
[1003/144708:WARNING:pe_image_reader.cc(281)] could not read dos header from C:\Windows\SYSTEM32\WINMM.dll
[1003/144708:ERROR:process_reader_win.cc(233)] ReadMemory at 0x7ffc7a320000 of 64 bytes failed: Запрос ReadProcessMemory или WriteProcessMemory был выполнен только частично. (0x12B)
[1003/144708:WARNING:pe_image_reader.cc(281)] could not read dos header from C:\Windows\SYSTEM32\WTSAPI32.dll
[1003/144708:ERROR:process_reader_win.cc(233)] ReadMemory at 0x7ffc74e80000 of 64 bytes failed: Запрос ReadProcessMemory или WriteProcessMemory был выполнен только частично. (0x12B)
[1003/144708:WARNING:pe_image_reader.cc(281)] could not read dos header from C:\Windows\SYSTEM32\WINHTTP.dll
[1003/144708:ERROR:process_reader_win.cc(233)] ReadMemory at 0x7ffc7ca50000 of 64 bytes failed: Запрос ReadProcessMemory или WriteProcessMemory был выполнен только частично. (0x12B)
[1003/144708:WARNING:pe_image_reader.cc(281)] could not read dos header from C:\Windows\System32\msvcp_win.dll
[1003/144708:ERROR:process_reader_win.cc(233)] ReadMemory at 0x7ffc801d0000 of 64 bytes failed: Запрос ReadProcessMemory или WriteProcessMemory был выполнен только частично. (0x12B)
[1003/144708:WARNING:pe_image_reader.cc(281)] could not read dos header from C:\Windows\System32\OLEAUT32.dll
[1003/144708:ERROR:process_reader_win.cc(233)] ReadMemory at 0x7ffc6b2d0000 of 64 bytes failed: Запрос ReadProcessMemory или WriteProcessMemory был выполнен только частично. (0x12B)
[1003/144708:WARNING:pe_image_reader.cc(281)] could not read dos header from C:\Windows\SYSTEM32\ninput.dll
[1003/144708:ERROR:process_reader_win.cc(233)] ReadMemory at 0x7ffc7df20000 of 64 bytes failed: Запрос ReadProcessMemory или WriteProcessMemory был выполнен только частично. (0x12B)
[1003/144708:WARNING:pe_image_reader.cc(281)] could not read dos header from C:\Windows\System32\PSAPI.DLL
[1003/144708:ERROR:process_reader_win.cc(233)] ReadMemory at 0x7ffc7c630000 of 64 bytes failed: Запрос ReadProcessMemory или WriteProcessMemory был выполнен только частично. (0x12B)
[1003/144708:WARNING:pe_image_reader.cc(281)] could not read dos header from C:\Windows\SYSTEM32\bcrypt.dll
[1003/144708:ERROR:process_reader_win.cc(233)] ReadMemory at 0x7ffc78080000 of 64 bytes failed: Запрос ReadProcessMemory или WriteProcessMemory был выполнен только частично. (0x12B)
[1003/144708:WARNING:pe_image_reader.cc(281)] could not read dos header from C:\Windows\SYSTEM32\WINSPOOL.DRV
[1003/144708:ERROR:process_reader_win.cc(233)] ReadMemory at 0x7ffc77c60000 of 64 bytes failed: Запрос ReadProcessMemory или WriteProcessMemory был выполнен только частично. (0x12B)
[1003/144708:WARNING:pe_image_reader.cc(281)] could not read dos header from C:\Windows\WinSxS\amd64_microsoft.windows.common-controls_6595b64144ccf1df_6.0.14393.0_none_2d0f50fcbdb171b8\COMCTL32.dll
[1003/144708:ERROR:process_reader_win.cc(233)] ReadMemory at 0x7ffc7df30000 of 64 bytes failed: Запрос ReadProcessMemory или WriteProcessMemory был выполнен только частично. (0x12B)
[1003/144708:WARNING:pe_image_reader.cc(281)] could not read dos header from C:\Windows\System32\COMDLG32.dll
[1003/144708:ERROR:process_reader_win.cc(233)] ReadMemory at 0x7ffc7bbf0000 of 64 bytes failed: Запрос ReadProcessMemory или WriteProcessMemory был выполнен только частично. (0x12B)
[1003/144708:WARNING:pe_image_reader.cc(281)] could not read dos header from C:\Windows\SYSTEM32\IPHLPAPI.DLL
[1003/144708:ERROR:process_reader_win.cc(233)] ReadMemory at 0x7ffc7d880000 of 64 bytes failed: Запрос ReadProcessMemory или WriteProcessMemory был выполнен только частично. (0x12B)
[1003/144708:WARNING:pe_image_reader.cc(281)] could not read dos header from C:\Windows\System32\WS2_32.dll
[1003/144708:ERROR:process_reader_win.cc(233)] ReadMemory at 0x7ffc72100000 of 64 bytes failed: Запрос ReadProcessMemory или WriteProcessMemory был выполнен только частично. (0x12B)
[1003/144708:WARNING:pe_image_reader.cc(281)] could not read dos header from C:\Windows\SYSTEM32\USP10.dll
[1003/144708:ERROR:process_reader_win.cc(233)] ReadMemory at 0x7ffc7c770000 of 64 bytes failed: Запрос ReadProcessMemory или WriteProcessMemory был выполнен только частично. (0x12B)
[1003/144708:WARNING:pe_image_reader.cc(281)] could not read dos header from C:\Windows\System32\MSASN1.dll
[1003/144708:ERROR:process_reader_win.cc(233)] ReadMemory at 0x7ffc7caf0000 of 64 bytes failed: Запрос ReadProcessMemory или WriteProcessMemory был выполнен только частично. (0x12B)
[1003/144708:WARNING:pe_image_reader.cc(281)] could not read dos header from C:\Windows\System32\CRYPT32.dll
[1003/144708:ERROR:process_reader_win.cc(233)] ReadMemory at 0x7ffc7c860000 of 64 bytes failed: Запрос ReadProcessMemory или WriteProcessMemory был выполнен только частично. (0x12B)
[1003/144708:WARNING:pe_image_reader.cc(281)] could not read dos header from C:\Windows\System32\WINTRUST.dll
[1003/144708:ERROR:process_reader_win.cc(233)] ReadMemory at 0x7ffc75240000 of 64 bytes failed: Запрос ReadProcessMemory или WriteProcessMemory был выполнен только частично. (0x12B)
[1003/144708:WARNING:pe_image_reader.cc(281)] could not read dos header from C:\Windows\SYSTEM32\Secur32.dll
[1003/144708:ERROR:process_reader_win.cc(233)] ReadMemory at 0x7ffc48b80000 of 64 bytes failed: Запрос ReadProcessMemory или WriteProcessMemory был выполнен только частично. (0x12B)
[1003/144708:WARNING:pe_image_reader.cc(281)] could not read dos header from C:\Program Files (x86)\Google\Chrome\Application\53.0.2785.116\chrome_child.dll
[1003/144708:ERROR:process_reader_win.cc(233)] ReadMemory at 0x7ffc72ff0000 of 64 bytes failed: Запрос ReadProcessMemory или WriteProcessMemory был выполнен только частично. (0x12B)
[1003/144708:WARNING:pe_image_reader.cc(281)] could not read dos header from C:\Windows\SYSTEM32\dwrite.dll
[1003/144708:WARNING:in_range_cast.h(38)] value 2379140831488 out of range
[1003/144708:WARNING:in_range_cast.h(38)] value 2379140832544 out of range
[1003/144708:WARNING:in_range_cast.h(38)] value 2379140832882 out of range
[1003/144708:WARNING:in_range_cast.h(38)] value 2379140828750 out of range
[1003/144708:WARNING:in_range_cast.h(38)] value 2379140828956 out of range
[1003/144708:ERROR:process_reader_win.cc(233)] ReadMemory at 0x7ff704ff0000 of 64 bytes failed: Запрос ReadProcessMemory или WriteProcessMemory был выполнен только частично. (0x12B)
[1003/144708:WARNING:pe_image_reader.cc(281)] could not read dos header from C:\Program Files (x86)\Google\Chrome\Application\chrome.exe
[1003/144708:ERROR:process_reader_win.cc(233)] ReadMemory at 0x7ffc80290000 of 64 bytes failed: Запрос ReadProcessMemory или WriteProcessMemory был выполнен только частично. (0x12B)
[1003/144708:WARNING:pe_image_reader.cc(281)] could not read dos header from C:\Windows\SYSTEM32\ntdll.dll
[1003/144708:ERROR:process_reader_win.cc(233)] ReadMemory at 0x7ffc7d550000 of 64 bytes failed: Запрос ReadProcessMemory или WriteProcessMemory был выполнен только частично. (0x12B)
[1003/144708:WARNING:pe_image_reader.cc(281)] could not read dos header from C:\Windows\System32\KERNELBASE.dll
[1003/144708:ERROR:process_reader_win.cc(233)] ReadMemory at 0x7ffc7e3c0000 of 64 bytes failed: Запрос ReadProcessMemory или WriteProcessMemory был выполнен только частично. (0x12B)
[1003/144708:WARNING:pe_image_reader.cc(281)] could not read dos header from C:\Windows\System32\KERNEL32.DLL
[1003/144708:ERROR:process_reader_win.cc(233)] ReadMemory at 0x7ffc7aca0000 of 64 bytes failed: Запрос ReadProcessMemory или WriteProcessMemory был выполнен только частично. (0x12B)
[1003/144708:WARNING:pe_image_reader.cc(281)] could not read dos header from C:\Windows\system32\apphelp.dll
[1003/144708:ERROR:process_reader_win.cc(233)] ReadMemory at 0x7ffc72e00000 of 64 bytes failed: Запрос ReadProcessMemory или WriteProcessMemory был выполнен только частично. (0x12B)
[1003/144708:WARNING:pe_image_reader.cc(281)] could not read dos header from C:\Windows\AppPatch\AppPatch64\AcGenral.dll
[1003/144708:ERROR:process_reader_win.cc(233)] ReadMemory at 0x7ffc80030000 of 64 bytes failed: Запрос ReadProcessMemory или WriteProcessMemory был выполнен только частично. (0x12B)
[1003/144708:WARNING:pe_image_reader.cc(281)] could not read dos header from C:\Windows\System32\msvcrt.dll
[1003/144708:ERROR:process_reader_win.cc(233)] ReadMemory at 0x7ffc7e250000 of 64 bytes failed: Запрос ReadProcessMemory или WriteProcessMemory был выполнен только частично. (0x12B)
[1003/144708:WARNING:pe_image_reader.cc(281)] could not read dos header from C:\Windows\System32\RPCRT4.dll
[1003/144708:ERROR:process_reader_win.cc(233)] ReadMemory at 0x7ffc7ff80000 of 64 bytes failed: Запрос ReadProcessMemory или WriteProcessMemory был выполнен только частично. (0x12B)
[1003/144708:WARNING:pe_image_reader.cc(281)] could not read dos header from C:\Windows\System32\sechost.dll
[1003/144708:ERROR:process_reader_win.cc(233)] ReadMemory at 0x7ffc7c3c0000 of 64 bytes failed: Запрос ReadProcessMemory или WriteProcessMemory был выполнен только частично. (0x12B)
[1003/144708:WARNING:pe_image_reader.cc(281)] could not read dos header from C:\Windows\SYSTEM32\SspiCli.dll
[1003/144708:ERROR:process_reader_win.cc(233)] ReadMemory at 0x7ffc7cd70000 of 64 bytes failed: Запрос ReadProcessMemory или WriteProcessMemory был выполнен только частично. (0x12B)
[1003/144708:WARNING:pe_image_reader.cc(281)] could not read dos header from C:\Windows\System32\ucrtbase.dll
[1003/144708:ERROR:process_reader_win.cc(233)] ReadMemory at 0x7ffc7c780000 of 64 bytes failed: Запрос ReadProcessMemory или WriteProcessMemory был выполнен только частично. (0x12B)
[1003/144708:WARNING:pe_image_reader.cc(281)] could not read dos header from C:\Windows\System32\bcryptPrimitives.dll
[1003/144708:ERROR:process_reader_win.cc(233)] ReadMemory at 0x7ffc7da90000 of 64 bytes failed: Запрос ReadProcessMemory или WriteProcessMemory был выполнен только частично. (0x12B)
[1003/144708:WARNING:pe_image_reader.cc(281)] could not read dos header from C:\Windows\System32\combase.dll
[1003/144708:ERROR:process_reader_win.cc(233)] ReadMemory at 0x7ffc7c840000 of 64 bytes failed: Запрос ReadProcessMemory или WriteProcessMemory был выполнен только частично. (0x12B)
[1003/144708:WARNING:pe_image_reader.cc(281)] could not read dos header from C:\Windows\System32\win32u.dll
[1003/144708:ERROR:process_reader_win.cc(233)] ReadMemory at 0x7ffc7e030000 of 64 bytes failed: Запрос ReadProcessMemory или WriteProcessMemory был выполнен только частично. (0x12B)
[1003/144708:WARNING:pe_image_reader.cc(281)] could not read dos header from C:\Windows\System32\USER32.dll
[1003/144708:ERROR:process_reader_win.cc(233)] ReadMemory at 0x7ffc7c8c0000 of 64 bytes failed: Запрос ReadProcessMemory или WriteProcessMemory был выполнен только частично. (0x12B)
[1003/144708:WARNING:pe_image_reader.cc(281)] could not read dos header from C:\Windows\System32\gdi32full.dll
[1003/144708:ERROR:process_reader_win.cc(233)] ReadMemory at 0x7ffc7e380000 of 64 bytes failed: Запрос ReadProcessMemory или WriteProcessMemory был выполнен только частично. (0x12B)
[1003/144708:WARNING:pe_image_reader.cc(281)] could not read dos header from C:\Windows\System32\GDI32.dll
[1003/144708:ERROR:process_reader_win.cc(233)] ReadMemory at 0x7ffc80000000 of 64 bytes failed: Запрос ReadProcessMemory или WriteProcessMemory был выполнен только частично. (0x12B)
[1003/144708:WARNING:pe_image_reader.cc(281)] could not read dos header from C:\Windows\System32\IMM32.DLL
[1003/144708:ERROR:process_reader_win.cc(233)] ReadMemory at 0x7ffc800d0000 of 64 bytes failed: Запрос ReadProcessMemory или WriteProcessMemory был выполнен только частично. (0x12B)
[1003/144708:WARNING:pe_image_reader.cc(281)] could not read dos header from C:\Windows\System32\SHLWAPI.dll
[1003/144708:ERROR:process_reader_win.cc(233)] ReadMemory at 0x7ffc7dde0000 of 64 bytes failed: Запрос ReadProcessMemory или WriteProcessMemory был выполнен только частично. (0x12B)
[1003/144708:WARNING:pe_image_reader.cc(281)] could not read dos header from C:\Windows\System32\ole32.dll
[1003/144708:ERROR:process_reader_win.cc(233)] ReadMemory at 0x7ffc7c7f0000 of 64 bytes failed: Запрос ReadProcessMemory или WriteProcessMemory был выполнен только частично. (0x12B)
[1003/144708:WARNING:pe_image_reader.cc(281)] could not read dos header from C:\Windows\System32\cfgmgr32.dll
[1003/144708:ERROR:process_reader_win.cc(233)] ReadMemory at 0x7ffc7c6f0000 of 64 bytes failed: Запрос ReadProcessMemory или WriteProcessMemory был выполнен только частично. (0x12B)
[1003/144708:WARNING:pe_image_reader.cc(281)] could not read dos header from C:\Windows\System32\powrprof.dll
[1003/144708:ERROR:process_reader_win.cc(233)] ReadMemory at 0x7ffc7e1a0000 of 64 bytes failed: Запрос ReadProcessMemory или WriteProcessMemory был выполнен только частично. (0x12B)
[1003/144708:WARNING:pe_image_reader.cc(281)] could not read dos header from C:\Windows\System32\advapi32.dll
[1003/144708:ERROR:process_reader_win.cc(233)] ReadMemory at 0x7ffc7c740000 of 64 bytes failed: Запрос ReadProcessMemory или WriteProcessMemory был выполнен только частично. (0x12B)
[1003/144708:WARNING:pe_image_reader.cc(281)] could not read dos header from C:\Windows\System32\kernel.appcore.dll
[1003/144708:ERROR:process_reader_win.cc(233)] ReadMemory at 0x7ffc7d770000 of 64 bytes failed: Запрос ReadProcessMemory или WriteProcessMemory был выполнен только частично. (0x12B)
[1003/144708:WARNING:pe_image_reader.cc(281)] could not read dos header from C:\Windows\System32\shcore.dll
[1003/144708:ERROR:process_reader_win.cc(233)] ReadMemory at 0x7ffc7c750000 of 64 bytes failed: Запрос ReadProcessMemory или WriteProcessMemory был выполнен только частично. (0x12B)
[1003/144708:WARNING:pe_image_reader.cc(281)] could not read dos header from C:\Windows\System32\profapi.dll
[1003/144708:ERROR:process_reader_win.cc(233)] ReadMemory at 0x7ffc7ce70000 of 64 bytes failed: Запрос ReadProcessMemory или WriteProcessMemory был выполнен только частично. (0x12B)
[1003/144708:WARNING:pe_image_reader.cc(281)] could not read dos header from C:\Windows\System32\windows.storage.dll
[1003/144708:ERROR:process_reader_win.cc(233)] ReadMemory at 0x7ffc7e630000 of 64 bytes failed: Запрос ReadProcessMemory или WriteProcessMemory был выполнен только частично. (0x12B)
[1003/144708:WARNING:pe_image_reader.cc(281)] could not read dos header from C:\Windows\System32\SHELL32.dll
[1003/144708:ERROR:process_reader_win.cc(233)] ReadMemory at 0x7ffc7c0a0000 of 64 bytes failed: Запрос ReadProcessMemory или WriteProcessMemory был выполнен только частично. (0x12B)
[1003/144708:WARNING:pe_image_reader.cc(281)] could not read dos header from C:\Windows\SYSTEM32\USERENV.dll
[1003/144708:ERROR:process_reader_win.cc(233)] ReadMemory at 0x7ffc783a0000 of 64 bytes failed: Запрос ReadProcessMemory или WriteProcessMemory был выполнен только частично. (0x12B)
[1003/144708:WARNING:pe_image_reader.cc(281)] could not read dos header from C:\Windows\SYSTEM32\MPR.dll
[1003/144708:ERROR:process_reader_win.cc(233)] ReadMemory at 0x7ffc7c1c0000 of 64 bytes failed: Запрос ReadProcessMemory или WriteProcessMemory был выполнен только частично. (0x12B)
[1003/144708:WARNING:pe_image_reader.cc(281)] could not read dos header from C:\Windows\SYSTEM32\CRYPTBASE.DLL
[1003/144708:ERROR:process_reader_win.cc(233)] ReadMemory at 0x7ffc71630000 of 64 bytes failed: Запрос ReadProcessMemory или WriteProcessMemory был выполнен только частично. (0x12B)
[1003/144708:WARNING:pe_image_reader.cc(281)] could not read dos header from C:\Program Files (x86)\Google\Chrome\Application\53.0.2785.116\chrome_elf.dll
[1003/144708:ERROR:process_reader_win.cc(233)] ReadMemory at 0x7ffc791d0000 of 64 bytes failed: Запрос ReadProcessMemory или WriteProcessMemory был выполнен только частично. (0x12B)
[1003/144708:WARNING:pe_image_reader.cc(281)] could not read dos header from C:\Windows\SYSTEM32\VERSION.dll
[1003/144708:ERROR:process_reader_win.cc(233)] ReadMemory at 0x7ffc7a8e0000 of 64 bytes failed: Запрос ReadProcessMemory или WriteProcessMemory был выполнен только частично. (0x12B)
[1003/144708:WARNING:pe_image_reader.cc(281)] could not read dos header from C:\Windows\SYSTEM32\WINMMBASE.dll
[1003/144708:ERROR:process_reader_win.cc(233)] ReadMemory at 0x7ffc7a940000 of 64 bytes failed: Запрос ReadProcessMemory или WriteProcessMemory был выполнен только частично. (0x12B)
[1003/144708:WARNING:pe_image_reader.cc(281)] could not read dos header from C:\Windows\SYSTEM32\WINMM.dll
[1003/144708:ERROR:process_reader_win.cc(233)] ReadMemory at 0x7ffc7a320000 of 64 bytes failed: Запрос ReadProcessMemory или WriteProcessMemory был выполнен только частично. (0x12B)
[1003/144708:WARNING:pe_image_reader.cc(281)] could not read dos header from C:\Windows\SYSTEM32\WTSAPI32.dll
[1003/144708:ERROR:process_reader_win.cc(233)] ReadMemory at 0x7ffc74e80000 of 64 bytes failed: Запрос ReadProcessMemory или WriteProcessMemory был выполнен только частично. (0x12B)
[1003/144708:WARNING:pe_image_reader.cc(281)] could not read dos header from C:\Windows\SYSTEM32\WINHTTP.dll
[1003/144708:ERROR:process_reader_win.cc(233)] ReadMemory at 0x7ffc7ca50000 of 64 bytes failed: Запрос ReadProcessMemory или WriteProcessMemory был выполнен только частично. (0x12B)
[1003/144708:WARNING:pe_image_reader.cc(281)] could not read dos header from C:\Windows\System32\msvcp_win.dll
[1003/144708:ERROR:process_reader_win.cc(233)] ReadMemory at 0x7ffc801d0000 of 64 bytes failed: Запрос ReadProcessMemory или WriteProcessMemory был выполнен только частично. (0x12B)
[1003/144708:WARNING:pe_image_reader.cc(281)] could not read dos header from C:\Windows\System32\OLEAUT32.dll
[1003/144708:ERROR:process_reader_win.cc(233)] ReadMemory at 0x7ffc6b2d0000 of 64 bytes failed: Запрос ReadProcessMemory или WriteProcessMemory был выполнен только частично. (0x12B)
[1003/144708:WARNING:pe_image_reader.cc(281)] could not read dos header from C:\Windows\SYSTEM32\ninput.dll
[1003/144708:ERROR:process_reader_win.cc(233)] ReadMemory at 0x7ffc7df20000 of 64 bytes failed: Запрос ReadProcessMemory или WriteProcessMemory был выполнен только частично. (0x12B)
[1003/144708:WARNING:pe_image_reader.cc(281)] could not read dos header from C:\Windows\System32\PSAPI.DLL
[1003/144708:ERROR:process_reader_win.cc(233)] ReadMemory at 0x7ffc7c630000 of 64 bytes failed: Запрос ReadProcessMemory или WriteProcessMemory был выполнен только частично. (0x12B)
[1003/144708:WARNING:pe_image_reader.cc(281)] could not read dos header from C:\Windows\SYSTEM32\bcrypt.dll
[1003/144708:ERROR:process_reader_win.cc(233)] ReadMemory at 0x7ffc78080000 of 64 bytes failed: Запрос ReadProcessMemory или WriteProcessMemory был выполнен только частично. (0x12B)
[1003/144708:WARNING:pe_image_reader.cc(281)] could not read dos header from C:\Windows\SYSTEM32\WINSPOOL.DRV
[1003/144708:ERROR:process_reader_win.cc(233)] ReadMemory at 0x7ffc77c60000 of 64 bytes failed: Запрос ReadProcessMemory или WriteProcessMemory был выполнен только частично. (0x12B)
[1003/144708:WARNING:pe_image_reader.cc(281)] could not read dos header from C:\Windows\WinSxS\amd64_microsoft.windows.common-controls_6595b64144ccf1df_6.0.14393.0_none_2d0f50fcbdb171b8\COMCTL32.dll
[1003/144708:ERROR:process_reader_win.cc(233)] ReadMemory at 0x7ffc7df30000 of 64 bytes failed: Запрос ReadProcessMemory или WriteProcessMemory был выполнен только частично. (0x12B)
[1003/144708:WARNING:pe_image_reader.cc(281)] could not read dos header from C:\Windows\System32\COMDLG32.dll
[1003/144708:ERROR:process_reader_win.cc(233)] ReadMemory at 0x7ffc7bbf0000 of 64 bytes failed: Запрос ReadProcessMemory или WriteProcessMemory был выполнен только частично. (0x12B)
[1003/144708:WARNING:pe_image_reader.cc(281)] could not read dos header from C:\Windows\SYSTEM32\IPHLPAPI.DLL
[1003/144708:ERROR:process_reader_win.cc(233)] ReadMemory at 0x7ffc7d880000 of 64 bytes failed: Запрос ReadProcessMemory или WriteProcessMemory был выполнен только частично. (0x12B)
[1003/144708:WARNING:pe_image_reader.cc(281)] could not read dos header from C:\Windows\System32\WS2_32.dll
[1003/144708:ERROR:process_reader_win.cc(233)] ReadMemory at 0x7ffc72100000 of 64 bytes failed: Запрос ReadProcessMemory или WriteProcessMemory был выполнен только частично. (0x12B)
[1003/144708:WARNING:pe_image_reader.cc(281)] could not read dos header from C:\Windows\SYSTEM32\USP10.dll
[1003/144708:ERROR:process_reader_win.cc(233)] ReadMemory at 0x7ffc7c770000 of 64 bytes failed: Запрос ReadProcessMemory или WriteProcessMemory был выполнен только частично. (0x12B)
[1003/144708:WARNING:pe_image_reader.cc(281)] could not read dos header from C:\Windows\System32\MSASN1.dll
[1003/144708:ERROR:process_reader_win.cc(233)] ReadMemory at 0x7ffc7caf0000 of 64 bytes failed: Запрос ReadProcessMemory или WriteProcessMemory был выполнен только частично. (0x12B)
[1003/144708:WARNING:pe_image_reader.cc(281)] could not read dos header from C:\Windows\System32\CRYPT32.dll
[1003/144708:ERROR:process_reader_win.cc(233)] ReadMemory at 0x7ffc7c860000 of 64 bytes failed: Запрос ReadProcessMemory или WriteProcessMemory был выполнен только частично. (0x12B)
[1003/144708:WARNING:pe_image_reader.cc(281)] could not read dos header from C:\Windows\System32\WINTRUST.dll
[1003/144708:ERROR:process_reader_win.cc(233)] ReadMemory at 0x7ffc75240000 of 64 bytes failed: Запрос ReadProcessMemory или WriteProcessMemory был выполнен только частично. (0x12B)
[1003/144708:WARNING:pe_image_reader.cc(281)] could not read dos header from C:\Windows\SYSTEM32\Secur32.dll
[1003/144708:ERROR:process_reader_win.cc(233)] ReadMemory at 0x7ffc48b80000 of 64 bytes failed: Запрос ReadProcessMemory или WriteProcessMemory был выполнен только частично. (0x12B)
[1003/144708:WARNING:pe_image_reader.cc(281)] could not read dos header from C:\Program Files (x86)\Google\Chrome\Application\53.0.2785.116\chrome_child.dll
[1003/144708:ERROR:process_reader_win.cc(233)] ReadMemory at 0x7ffc72ff0000 of 64 bytes failed: Запрос ReadProcessMemory или WriteProcessMemory был выполнен только частично. (0x12B)
[1003/144708:WARNING:pe_image_reader.cc(281)] could not read dos header from C:\Windows\SYSTEM32\dwrite.dll
[1003/144708:ERROR:process_reader_win.cc(233)] ReadMemory at 0x412e0f0000 of 65536 bytes failed: Запрос ReadProcessMemory или WriteProcessMemory был выполнен только частично. (0x12B)
[1003/144708:ERROR:crash_report_exception_handler.cc(98)] WriteEverything failed
[1003/144708:ERROR:scoped_process_suspend.cc(38)] NtResumeProcess: Попытка доступа к процессу, выполняющему процедуру завершения.  (0xc000010a)
